<?xml version="1.0" encoding="UTF-8"?>
<!-- Generated by org.testng.reporters.JUnitReportReporter -->
<testsuite hostname="DESKTOP-F8PE7CG" failures="0" tests="2" name="com.hrms.testcases.LoginTest" time="15.951" errors="0" timestamp="2020-05-31T12:42:30 EDT" skipped="0">
  <testcase classname="com.hrms.testcases.LoginTest" name="emptyUsernameLogin" time="8.957"/>
  <system-out/>
  <testcase classname="com.hrms.testcases.LoginTest" name="invalidPasswordLogin" time="6.994"/>
  <system-out/>
</testsuite> <!-- com.hrms.testcases.LoginTest -->
