<?xml version="1.0" encoding="UTF-8"?>
<!-- Generated by org.testng.reporters.JUnitReportReporter -->
<testsuite hostname="DESKTOP-F8PE7CG" failures="0" tests="3" name="com.hrms.testcases.LoginTest" time="33.531" errors="0" timestamp="2020-05-30T14:12:00 EDT" skipped="0">
  <testcase classname="com.hrms.testcases.LoginTest" name="invalidPasswordLogin" time="6.911"/>
  <system-out/>
  <testcase classname="com.hrms.testcases.LoginTest" name="emptyUsernameLogin" time="9.833"/>
  <system-out/>
  <testcase classname="com.hrms.testcases.LoginTest" name="validAdminLogin" time="16.787"/>
  <system-out/>
</testsuite> <!-- com.hrms.testcases.LoginTest -->
