<?xml version="1.0" encoding="UTF-8"?>
<!-- Generated by org.testng.reporters.JUnitReportReporter -->
<testsuite hostname="DESKTOP-F8PE7CG" failures="0" tests="1" name="com.hrms.testcases.AddEmployeeTest" time="35.681" errors="0" timestamp="2020-05-30T14:12:00 EDT" skipped="0">
  <testcase classname="com.hrms.testcases.AddEmployeeTest" name="addEmployeePage" time="35.681"/>
  <system-out/>
</testsuite> <!-- com.hrms.testcases.AddEmployeeTest -->
