<?xml version="1.0" encoding="UTF-8"?>
<!-- Generated by org.testng.reporters.JUnitReportReporter -->
<testsuite hostname="DESKTOP-F8PE7CG" failures="0" tests="3" name="com.hrms.testcases.AddEmployeeTest" time="50.287" errors="0" timestamp="2020-06-04T02:08:06 EDT" skipped="0">
  <testcase classname="com.hrms.testcases.AddEmployeeTest" name="addEmployee" time="16.773"/>
  <system-out/>
  <testcase classname="com.hrms.testcases.AddEmployeeTest" name="addEmployee" time="16.172"/>
  <system-out/>
  <testcase classname="com.hrms.testcases.AddEmployeeTest" name="addEmployee" time="17.342"/>
  <system-out/>
</testsuite> <!-- com.hrms.testcases.AddEmployeeTest -->
