<?xml version="1.0" encoding="UTF-8"?>
<!-- Generated by org.testng.reporters.JUnitReportReporter -->
<testsuite hostname="DESKTOP-F8PE7CG" failures="0" tests="4" name="com.hrms.testcases.LoginTest" time="22.513" errors="0" timestamp="2020-06-04T02:08:06 EDT" skipped="0">
  <testcase classname="com.hrms.testcases.LoginTest" name="validAdminLogin" time="7.229"/>
  <system-out/>
  <testcase classname="com.hrms.testcases.LoginTest" name="invalidPasswordLogin" time="5.643"/>
  <system-out/>
  <testcase classname="com.hrms.testcases.LoginTest" name="emptyUsernameLogin" time="4.877"/>
  <system-out/>
  <testcase classname="com.hrms.testcases.LoginTest" name="timeStamp" time="4.764"/>
  <system-out/>
</testsuite> <!-- com.hrms.testcases.LoginTest -->
