<?xml version="1.0" encoding="UTF-8"?>
<!-- Generated by org.testng.reporters.JUnitReportReporter -->
<testsuite hostname="DESKTOP-F8PE7CG" failures="0" tests="3" name="Homework__Test__Cases.EmployeeReportsTest" time="48.738" errors="0" timestamp="2020-06-05T19:35:09 EDT" skipped="0">
  <testcase classname="Homework__Test__Cases.EmployeeReportsTest" name="DefiningReport" time="15.806"/>
  <system-out/>
  <testcase classname="Homework__Test__Cases.EmployeeReportsTest" name="DefiningReport" time="17.286"/>
  <system-out/>
  <testcase classname="Homework__Test__Cases.EmployeeReportsTest" name="DefiningReport" time="15.646"/>
  <system-out/>
</testsuite> <!-- Homework__Test__Cases.EmployeeReportsTest -->
